<?xml version="1.0" encoding="UTF-8"?>
<testsuite xmlns:xsi="http://www.w3.org/2001/XMLSchema-instance" xsi:noNamespaceSchemaLocation="https://maven.apache.org/surefire/maven-surefire-plugin/xsd/surefire-test-report-3.0.xsd" version="3.0" name="testing.BakimTest" time="0.043" tests="6" errors="0" skipped="0" failures="0">
  <properties>
[...]
</properties>
  <testcase name="testBakimZamaniGeldi" classname="testing.BakimTest" time="0.023"/>
  <testcase name="testAracaBagliTumBakimlar" classname="testing.BakimTest" time="0.002"/>
  <testcase name="testBakimZamaniGelenlerListesi" classname="testing.BakimTest" time="0.001"/>
  <testcase name="testBakimSil" classname="testing.BakimTest" time="0.001"/>
  <testcase name="testBakimEkle" classname="testing.BakimTest" time="0.0"/>
  <testcase name="testBakimDurumGuncelle" classname="testing.BakimTest" time="0.001"/>
</testsuite>